<?xml version="1.0" encoding="UTF-8"?>
<!-- Generated by org.testng.reporters.JUnitXMLReporter -->
<testsuite hostname="admin-PC" ignored="0" name="Test" tests="2" failures="0" timestamp="27 Apr 2020 07:47:27 GMT" time="133.213" errors="0">
  <testcase name="executeKeywords" time="126.967" classname="io.Test.Telstra.TestProject.Interpreter"/>
  <testcase name="executeKeywords" time="0.004" classname="io.Test.Telstra.TestProject.Interpreter">
    <skipped/>
  </testcase> <!-- executeKeywords -->
</testsuite> <!-- Test -->
