<?xml version="1.0" encoding="UTF-8"?>
<testng-results skipped="1" failed="0" ignored="0" total="2" passed="1">
  <reporter-output>
  </reporter-output>
  <suite name="Suite" duration-ms="133213" started-at="2020-04-27T07:45:14Z" finished-at="2020-04-27T07:47:27Z">
    <groups>
    </groups>
    <test name="Test" duration-ms="133213" started-at="2020-04-27T07:45:14Z" finished-at="2020-04-27T07:47:27Z">
      <class name="io.Test.Telstra.TestProject.Interpreter">
        <test-method status="PASS" signature="initialize()[pri:0, instance:io.Test.Telstra.TestProject.Interpreter@61dc03ce]" name="initialize" is-config="true" duration-ms="2568" started-at="2020-04-27T07:45:14Z" finished-at="2020-04-27T07:45:16Z">
          <reporter-output>
          </reporter-output>
        </test-method> <!-- initialize -->
        <test-method status="PASS" signature="method1()[pri:0, instance:io.Test.Telstra.TestProject.Interpreter@61dc03ce]" name="method1" is-config="true" duration-ms="1" started-at="2020-04-27T07:45:16Z" finished-at="2020-04-27T07:45:16Z">
          <reporter-output>
          </reporter-output>
        </test-method> <!-- method1 -->
        <test-method status="PASS" signature="executeKeywords(java.lang.String, java.lang.String, java.lang.String)[pri:0, instance:io.Test.Telstra.TestProject.Interpreter@61dc03ce]" name="executeKeywords" duration-ms="126967" started-at="2020-04-27T07:45:16Z" data-provider="getExcel" finished-at="2020-04-27T07:47:23Z">
          <params>
            <param index="0">
              <value>
                <![CDATA[Login_eBay]]>
              </value>
            </param>
            <param index="1">
              <value>
                <![CDATA[]]>
              </value>
            </param>
            <param index="2">
              <value>
                <![CDATA[Y]]>
              </value>
            </param>
          </params>
          <reporter-output>
          </reporter-output>
        </test-method> <!-- executeKeywords -->
        <test-method status="PASS" signature="close()[pri:0, instance:io.Test.Telstra.TestProject.Interpreter@61dc03ce]" name="close" is-config="true" duration-ms="3422" started-at="2020-04-27T07:47:23Z" finished-at="2020-04-27T07:47:27Z">
          <reporter-output>
          </reporter-output>
        </test-method> <!-- close -->
        <test-method status="PASS" signature="method1()[pri:0, instance:io.Test.Telstra.TestProject.Interpreter@61dc03ce]" name="method1" is-config="true" duration-ms="1" started-at="2020-04-27T07:47:27Z" finished-at="2020-04-27T07:47:27Z">
          <reporter-output>
          </reporter-output>
        </test-method> <!-- method1 -->
        <test-method status="SKIP" signature="executeKeywords(java.lang.String, java.lang.String, java.lang.String)[pri:0, instance:io.Test.Telstra.TestProject.Interpreter@61dc03ce]" name="executeKeywords" duration-ms="4" started-at="2020-04-27T07:47:27Z" data-provider="getExcel" finished-at="2020-04-27T07:47:27Z">
          <params>
            <param index="0">
              <value>
                <![CDATA[amazon]]>
              </value>
            </param>
            <param index="1">
              <value>
                <![CDATA[]]>
              </value>
            </param>
            <param index="2">
              <value>
                <![CDATA[N]]>
              </value>
            </param>
          </params>
          <exception class="org.testng.SkipException">
            <message>
              <![CDATA[Testcase mode is set to no.]]>
            </message>
            <full-stacktrace>
              <![CDATA[org.testng.SkipException: Testcase mode is set to no.
at io.Test.Telstra.TestProject.Interpreter.executeKeywords(Interpreter.java:26)
at sun.reflect.NativeMethodAccessorImpl.invoke0(Native Method)
at sun.reflect.NativeMethodAccessorImpl.invoke(NativeMethodAccessorImpl.java:62)
at sun.reflect.DelegatingMethodAccessorImpl.invoke(DelegatingMethodAccessorImpl.java:43)
at java.lang.reflect.Method.invoke(Method.java:497)
at org.testng.internal.MethodInvocationHelper.invokeMethod(MethodInvocationHelper.java:124)
at org.testng.internal.Invoker.invokeMethod(Invoker.java:583)
at org.testng.internal.Invoker.invokeTestMethod(Invoker.java:719)
at org.testng.internal.Invoker.invokeTestMethods(Invoker.java:989)
at org.testng.internal.TestMethodWorker.invokeTestMethods(TestMethodWorker.java:125)
at org.testng.internal.TestMethodWorker.run(TestMethodWorker.java:109)
at org.testng.TestRunner.privateRun(TestRunner.java:648)
at org.testng.TestRunner.run(TestRunner.java:505)
at org.testng.SuiteRunner.runTest(SuiteRunner.java:455)
at org.testng.SuiteRunner.runSequentially(SuiteRunner.java:450)
at org.testng.SuiteRunner.privateRun(SuiteRunner.java:415)
at org.testng.SuiteRunner.run(SuiteRunner.java:364)
at org.testng.SuiteRunnerWorker.runSuite(SuiteRunnerWorker.java:52)
at org.testng.SuiteRunnerWorker.run(SuiteRunnerWorker.java:84)
at org.testng.TestNG.runSuitesSequentially(TestNG.java:1208)
at org.testng.TestNG.runSuitesLocally(TestNG.java:1137)
at org.testng.TestNG.runSuites(TestNG.java:1049)
at org.testng.TestNG.run(TestNG.java:1017)
at org.apache.maven.surefire.testng.TestNGExecutor.run(TestNGExecutor.java:283)
at org.apache.maven.surefire.testng.TestNGXmlTestSuite.execute(TestNGXmlTestSuite.java:75)
at org.apache.maven.surefire.testng.TestNGProvider.invoke(TestNGProvider.java:120)
at org.apache.maven.surefire.booter.ForkedBooter.invokeProviderInSameClassLoader(ForkedBooter.java:384)
at org.apache.maven.surefire.booter.ForkedBooter.runSuitesInProcess(ForkedBooter.java:345)
at org.apache.maven.surefire.booter.ForkedBooter.execute(ForkedBooter.java:126)
at org.apache.maven.surefire.booter.ForkedBooter.main(ForkedBooter.java:418)
]]>
            </full-stacktrace>
          </exception> <!-- org.testng.SkipException -->
          <reporter-output>
          </reporter-output>
        </test-method> <!-- executeKeywords -->
        <test-method status="PASS" signature="close()[pri:0, instance:io.Test.Telstra.TestProject.Interpreter@61dc03ce]" name="close" is-config="true" duration-ms="161" started-at="2020-04-27T07:47:27Z" finished-at="2020-04-27T07:47:27Z">
          <reporter-output>
          </reporter-output>
        </test-method> <!-- close -->
      </class> <!-- io.Test.Telstra.TestProject.Interpreter -->
    </test> <!-- Test -->
  </suite> <!-- Suite -->
</testng-results>
