<?xml version="1.0" encoding="UTF-8"?>
<testsuite xmlns:xsi="http://www.w3.org/2001/XMLSchema-instance" xsi:noNamespaceSchemaLocation="https://maven.apache.org/surefire/maven-surefire-plugin/xsd/surefire-test-report-3.0.xsd" version="3.0" name="TestSuite" time="135.182" tests="2" errors="0" skipped="1" failures="0">
  <properties>
[...]
</properties>
  <testcase name="executeKeywords" classname="io.Test.Telstra.TestProject.Interpreter" time="126.975"/>
  <testcase name="executeKeywords" classname="io.Test.Telstra.TestProject.Interpreter" time="0">
    <skipped message="Testcase mode is set to no."/>
  </testcase>
</testsuite>